Using pre-set license
Built from '2020.3/staging' branch; Version is '2020.3.13f1 (71691879b7f5) revision 7432472'; Using compiler version '192528614'; Build Type 'Release'
OS: 'Windows 10 Pro; OS build 19042.1348; Version 2009; 64bit' Language: 'en' Physical Memory: 16302 MB
BatchMode: 1, IsHumanControllingUs: 0, StartBugReporterOnCrash: 0, Is64bit: 1, IsPro: 0

 COMMAND LINE ARGUMENTS:
D:\unity editors\2020.3.13f1\Editor\Unity.exe
-adb2
-batchMode
-noUpm
-name
AssetImportWorker0
-projectPath
D:/Unity projects/old unity projects/Planet Defender
-logFile
Logs/AssetImportWorker0.log
-srvPort
64909
Successfully changed project path to: D:/Unity projects/old unity projects/Planet Defender
D:/Unity projects/old unity projects/Planet Defender
Using Asset Import Pipeline V2.
Refreshing native plugins compatible for Editor in 9.37 ms, found 0 plugins.
Preloading 0 native plugins for Editor in 0.00 ms.
Initialize engine version: 2020.3.13f1 (71691879b7f5)
[Subsystems] Discovering subsystems at path D:/unity editors/2020.3.13f1/Editor/Data/Resources/UnitySubsystems
[Subsystems] Discovering subsystems at path D:/Unity projects/old unity projects/Planet Defender/Assets
GfxDevice: creating device client; threaded=0
Direct3D:
    Version:  Direct3D 11.0 [level 11.1]
    Renderer: NVIDIA GeForce RTX 3060 (ID=0x2503)
    Vendor:   
    VRAM:     12143 MB
    Driver:   30.0.14.9676
Initialize mono
Mono path[0] = 'D:/unity editors/2020.3.13f1/Editor/Data/Managed'
Mono path[1] = 'D:/unity editors/2020.3.13f1/Editor/Data/MonoBleedingEdge/lib/mono/unityjit'
Mono config path = 'D:/unity editors/2020.3.13f1/Editor/Data/MonoBleedingEdge/etc'
Using monoOptions --debugger-agent=transport=dt_socket,embedding=1,server=y,suspend=n,address=127.0.0.1:56420
Begin MonoManager ReloadAssembly
Registering precompiled unity dll's ...
Register platform support module: D:/unity editors/2020.3.13f1/Editor/Data/PlaybackEngines/WebGLSupport/UnityEditor.WebGL.Extensions.dll
Register platform support module: D:/unity editors/2020.3.13f1/Editor/Data/PlaybackEngines/WindowsStandaloneSupport/UnityEditor.WindowsStandalone.Extensions.dll
Registered in 0.001113 seconds.
Native extension for WindowsStandalone target not found
Native extension for WebGL target not found
Refreshing native plugins compatible for Editor in 6.76 ms, found 0 plugins.
Preloading 0 native plugins for Editor in 0.00 ms.
Mono: successfully reloaded assembly
- Completed reload, in  1.337 seconds
Platform modules already initialized, skipping
Registering precompiled user dll's ...
Registered in 0.003102 seconds.
Begin MonoManager ReloadAssembly
Native extension for WindowsStandalone target not found
Native extension for WebGL target not found
Refreshing native plugins compatible for Editor in 0.16 ms, found 0 plugins.
Preloading 0 native plugins for Editor in 0.00 ms.
Mono: successfully reloaded assembly
- Completed reload, in  0.674 seconds
Platform modules already initialized, skipping
========================================================================
Worker process is ready to serve import requests
Launched and connected shader compiler UnityShaderCompiler.exe after 0.04 seconds
Refreshing native plugins compatible for Editor in 0.20 ms, found 0 plugins.
Preloading 0 native plugins for Editor in 0.00 ms.
Unloading 556 Unused Serialized files (Serialized files now loaded: 0)
System memory in use before: 44.3 MB.
System memory in use after: 44.3 MB.

Unloading 14 unused Assets to reduce memory usage. Loaded Objects now: 987.
Total: 1.449700 ms (FindLiveObjects: 0.079100 ms CreateObjectMapping: 0.018600 ms MarkObjects: 1.285600 ms  DeleteObjects: 0.064900 ms)

AssetImportParameters requested are different than current active one (requested -> active):
  custom:framework-win-MediaFoundation: 216162199b28c13a410421893ffa2e32 -> 
  custom:video-decoder-ogg-theora: a1e56fd34408186e4bbccfd4996cb3dc -> 
  custom:container-muxer-webm: aa71ff27fc2769a1b78a27578f13a17b -> 
  custom:container-demuxer-webm: 4f35f7cbe854078d1ac9338744f61a02 -> 
  custom:container-demuxer-ogg: 62fdf1f143b41e24485cea50d1cbac27 -> 
  custom:video-encoder-webm-vp8: eb34c28f22e8b96e1ab97ce403110664 -> 
  custom:video-decoder-webm-vp8: 9c59270c3fd7afecdb556c50c9e8de78 -> 
  custom:audio-decoder-ogg-vorbis: bf7c407c2cedff20999df2af8eb42d56 -> 
  custom:audio-encoder-webm-vorbis: bf7c407c2cedff20999df2af8eb42d56 -> 
========================================================================
Received Import Request.
  path: Assets/rocket.fbx
  artifactKey: Guid(3609a9dfc7ea9d240939439036a2369a) Importer(815301076,1909f56bfc062723c751e8b465ee728b)
Start importing Assets/rocket.fbx using Guid(3609a9dfc7ea9d240939439036a2369a) Importer(815301076,1909f56bfc062723c751e8b465ee728b)  -> (artifact id: '4fe888aab2f981feb67cbf2f2fd35f17') in 0.558879 seconds 
  Import took 0.560116 seconds .

========================================================================
Received Import Request.
  Time since last request: 0.000196 seconds.
  path: Assets/rocket 1.fbx
  artifactKey: Guid(f7caeb78531054e47b16cdee545b145c) Importer(815301076,1909f56bfc062723c751e8b465ee728b)
Start importing Assets/rocket 1.fbx using Guid(f7caeb78531054e47b16cdee545b145c) Importer(815301076,1909f56bfc062723c751e8b465ee728b)  -> (artifact id: 'bcc62a6fd96b1b1f4ab8148e6561e84b') in 0.031691 seconds 
  Import took 0.032735 seconds .

========================================================================
Received Import Request.
  Time since last request: 18.403693 seconds.
  path: Assets/Scenes/GameScene.unity
  artifactKey: Guid(2cda990e2423bbf4892e6590ba056729) Importer(815301076,1909f56bfc062723c751e8b465ee728b)
Start importing Assets/Scenes/GameScene.unity using Guid(2cda990e2423bbf4892e6590ba056729) Importer(815301076,1909f56bfc062723c751e8b465ee728b)  -> (artifact id: 'df0292301f80c404ffc5051467d5a7f3') in 0.004726 seconds 
  Import took 0.005650 seconds .

========================================================================
Received Import Request.
  Time since last request: 0.029650 seconds.
  path: Assets/Scenes/GameScene.unity
  artifactKey: Guid(2cda990e2423bbf4892e6590ba056729) Importer(815301076,1909f56bfc062723c751e8b465ee728b)
Start importing Assets/Scenes/GameScene.unity using Guid(2cda990e2423bbf4892e6590ba056729) Importer(815301076,1909f56bfc062723c751e8b465ee728b)  -> (artifact id: 'df0292301f80c404ffc5051467d5a7f3') in 0.001531 seconds 
  Import took 0.002509 seconds .

AssetImportWorkerClient::OnTransportError - code=2 error=End of file
